<?xml version="1.0" encoding="UTF-8"?>
<testsuites name="New Test Suite" time="19.842" tests="2" failures="0" errors="0">
   <testsuite name="New Test Suite" tests="2" failures="0" errors="0" time="19.842" skipped="0" timestamp="23-12-2024T15:21:22" hostname="ArkajitTah - LINKOLJUN23-250" id="Test Suites/New Test Suite">
      <properties>
         <property name="deviceName" value=""/>
         <property name="devicePlatform"/>
         <property name="logFolder" value="C:\\Users\\ArkajitTah\\git\\katalon3\\Reports\\20241223_152117\\New Test Suite\\20241223_152117"/>
         <property name="logFiles" value="C:\\Users\\ArkajitTah\\git\\katalon3\\Reports\\20241223_152117\\New Test Suite\\20241223_152117\\execution0.log"/>
         <property name="attachments" value=""/>
         <property name="hostName" value="ArkajitTah - LINKOLJUN23-250"/>
         <property name="os" value="Windows 11 64bit"/>
         <property name="katalonVersion" value="10.0.1.223"/>
         <property name="browser" value="Chrome 131.0.0.0"/>
         <property name="hostAddress" value="192.168.68.57"/>
         <property name="sessionId" value="9070694967c94969ad0b1a44a04009f6"/>
         <property name="seleniumVersion" value="4.22.0"/>
         <property name="proxyInformation" value="ProxyInformation { proxyOption=NO_PROXY, proxyServerType=HTTP, username=, password=********, proxyServerAddress=, proxyServerPort=0, executionList=&quot;&quot;, isApplyToDesiredCapabilities=true }"/>
         <property name="platform" value="Windows 11"/>
      </properties>
      <testcase name="Test Cases/Login" time="9.407" classname="Test Cases/Login" status="PASSED">
         <system-out><![CDATA[23-12-2024T15:21:23 - [TEST_CASE][PASSED] - Test Cases/Login: Test Cases/Login

23-12-2024T15:21:23 - [TEST_STEP][PASSED] - openBrowser(""): Browser is opened with url: ''

23-12-2024T15:21:23 - [MESSAGE][INFO] - Starting 'Chrome' driver

23-12-2024T15:21:24 - [MESSAGE][INFO] - Action delay is set to 0 milliseconds

23-12-2024T15:21:28 - [MESSAGE][PASSED] - Browser is opened with url: ''

23-12-2024T15:21:28 - [TEST_STEP][PASSED] - navigateToUrl("https://www.saucedemo.com/"): Navigate to 'https://www.saucedemo.com/' successfully

23-12-2024T15:21:29 - [MESSAGE][PASSED] - Navigate to 'https://www.saucedemo.com/' successfully

23-12-2024T15:21:29 - [TEST_STEP][PASSED] - click(findTestObject("Object Repository/Page_Swag Labs/input_Swag Labs_user-name")): Object: 'Object Repository/Page_Swag Labs/input_Swag Labs_user-name' is clicked on

23-12-2024T15:21:30 - [MESSAGE][PASSED] - Object: 'Object Repository/Page_Swag Labs/input_Swag Labs_user-name' is clicked on

23-12-2024T15:21:30 - [TEST_STEP][PASSED] - setText(findTestObject("Object Repository/Page_Swag Labs/input_Swag Labs_user-name"), "standard_user"): Text 'standard_user' is set on object 'Object Repository/Page_Swag Labs/input_Swag Labs_user-name'

23-12-2024T15:21:31 - [MESSAGE][PASSED] - Text 'standard_user' is set on object 'Object Repository/Page_Swag Labs/input_Swag Labs_user-name'

23-12-2024T15:21:31 - [TEST_STEP][PASSED] - setEncryptedText(findTestObject("Object Repository/Page_Swag Labs/input_Swag Labs_password"), "qcu24s4901FyWDTwXGr6XA=="): Text ****** has been set on object 'Object Repository/Page_Swag Labs/input_Swag Labs_password'

23-12-2024T15:21:32 - [MESSAGE][PASSED] - Text ****** has been set on object 'Object Repository/Page_Swag Labs/input_Swag Labs_password'

23-12-2024T15:21:32 - [TEST_STEP][PASSED] - click(findTestObject("Object Repository/Page_Swag Labs/input_Swag Labs_login-button")): Object: 'Object Repository/Page_Swag Labs/input_Swag Labs_login-button' is clicked on

23-12-2024T15:21:32 - [MESSAGE][PASSED] - Object: 'Object Repository/Page_Swag Labs/input_Swag Labs_login-button' is clicked on]]></system-out>
         <system-err><![CDATA[]]></system-err>
      </testcase>
      <testcase name="Test Cases/AddtoCart" time="10.053" classname="Test Cases/AddtoCart" status="PASSED">
         <system-out><![CDATA[23-12-2024T15:21:32 - [TEST_CASE][PASSED] - Test Cases/AddtoCart: Test Cases/AddtoCart

23-12-2024T15:21:32 - [TEST_STEP][PASSED] - openBrowser(""): Browser is opened with url: ''

23-12-2024T15:21:32 - [MESSAGE][WARNING] - A browser is already opened. Closing browser and opening a new one

23-12-2024T15:21:33 - [MESSAGE][INFO] - Starting 'Chrome' driver

23-12-2024T15:21:33 - [MESSAGE][INFO] - Action delay is set to 0 milliseconds

23-12-2024T15:21:36 - [MESSAGE][PASSED] - Browser is opened with url: ''

23-12-2024T15:21:36 - [TEST_STEP][PASSED] - navigateToUrl("https://www.saucedemo.com/"): Navigate to 'https://www.saucedemo.com/' successfully

23-12-2024T15:21:37 - [MESSAGE][PASSED] - Navigate to 'https://www.saucedemo.com/' successfully

23-12-2024T15:21:37 - [TEST_STEP][PASSED] - setText(findTestObject("Object Repository/Page_Swag Labs/input_Swag Labs_user-name (1)"), "standard_user"): Text 'standard_user' is set on object 'Object Repository/Page_Swag Labs/input_Swag Labs_user-name (1)'

23-12-2024T15:21:39 - [MESSAGE][PASSED] - Text 'standard_user' is set on object 'Object Repository/Page_Swag Labs/input_Swag Labs_user-name (1)'

23-12-2024T15:21:39 - [TEST_STEP][PASSED] - setEncryptedText(findTestObject("Object Repository/Page_Swag Labs/input_Swag Labs_password (1)"), "qcu24s4901FyWDTwXGr6XA=="): Text ****** has been set on object 'Object Repository/Page_Swag Labs/input_Swag Labs_password (1)'

23-12-2024T15:21:40 - [MESSAGE][PASSED] - Text ****** has been set on object 'Object Repository/Page_Swag Labs/input_Swag Labs_password (1)'

23-12-2024T15:21:40 - [TEST_STEP][PASSED] - click(findTestObject("Object Repository/Page_Swag Labs/input_Swag Labs_login-button (1)")): Object: 'Object Repository/Page_Swag Labs/input_Swag Labs_login-button (1)' is clicked on

23-12-2024T15:21:40 - [MESSAGE][PASSED] - Object: 'Object Repository/Page_Swag Labs/input_Swag Labs_login-button (1)' is clicked on

23-12-2024T15:21:40 - [TEST_STEP][PASSED] - click(findTestObject("Object Repository/Page_Swag Labs/div_Sauce Labs Backpack")): Object: 'Object Repository/Page_Swag Labs/div_Sauce Labs Backpack' is clicked on

23-12-2024T15:21:41 - [MESSAGE][PASSED] - Object: 'Object Repository/Page_Swag Labs/div_Sauce Labs Backpack' is clicked on

23-12-2024T15:21:41 - [TEST_STEP][PASSED] - click(findTestObject("Object Repository/Page_Swag Labs/button_Add to cart (1)")): Object: 'Object Repository/Page_Swag Labs/button_Add to cart (1)' is clicked on

23-12-2024T15:21:41 - [MESSAGE][PASSED] - Object: 'Object Repository/Page_Swag Labs/button_Add to cart (1)' is clicked on

23-12-2024T15:21:41 - [TEST_STEP][PASSED] - closeBrowser(): Browser is closed

23-12-2024T15:21:42 - [MESSAGE][PASSED] - Browser is closed]]></system-out>
         <system-err><![CDATA[]]></system-err>
      </testcase>
      <system-out><![CDATA[23-12-2024T15:21:22 - [TEST_SUITE][PASSED] - New Test Suite: Test Cases/AddtoCart]]></system-out>
      <system-err><![CDATA[]]></system-err>
   </testsuite>
</testsuites>
